<?xml version="1.0" encoding="UTF-8"?>
<!-- Generated by org.testng.reporters.JUnitReportReporter -->
<testsuite skipped="0" hostname="Sahils-MacBook.local" name="com.PetStoreAPI.TestCases.TC004_UpdateUser_Test" tests="3" failures="0" timestamp="2020-03-23T15:40:28 COT" time="0.010" errors="0">
  <testcase name="validateUpdateUser_ResponseCode" time="0.003" classname="com.PetStoreAPI.TestCases.TC004_UpdateUser_Test"/>
  <testcase name="validateUpdateUser_ResponseBody" time="0.004" classname="com.PetStoreAPI.TestCases.TC004_UpdateUser_Test"/>
  <testcase name="validateUpdateUser_ResponseTime" time="0.003" classname="com.PetStoreAPI.TestCases.TC004_UpdateUser_Test"/>
</testsuite> <!-- com.PetStoreAPI.TestCases.TC004_UpdateUser_Test -->
