<?xml version="1.0" encoding="UTF-8"?>
<!-- Generated by org.testng.reporters.JUnitReportReporter -->
<testsuite skipped="0" hostname="Sahils-MacBook.local" name="com.PetStoreAPI.TestCases.TC002_loginAPI_Test" tests="3" failures="0" timestamp="2020-03-23T15:40:28 COT" time="0.008" errors="0">
  <testcase name="validateLogin_ResponseCode" time="0.002" classname="com.PetStoreAPI.TestCases.TC002_loginAPI_Test"/>
  <testcase name="validateLogin_responsebody" time="0.003" classname="com.PetStoreAPI.TestCases.TC002_loginAPI_Test"/>
  <testcase name="validateLogin_ResponseTime" time="0.003" classname="com.PetStoreAPI.TestCases.TC002_loginAPI_Test"/>
</testsuite> <!-- com.PetStoreAPI.TestCases.TC002_loginAPI_Test -->
