<?xml version="1.0" encoding="UTF-8"?>
<!-- Generated by org.testng.reporters.JUnitReportReporter -->
<testsuite skipped="0" hostname="Sahils-MacBook.local" name="com.PetStoreAPI.TestCases.TC002_CreateUser_Test" tests="2" failures="0" timestamp="2020-03-23T12:02:04 COT" time="0.022" errors="0">
  <testcase name="validateResponseCode" time="0.002" classname="com.PetStoreAPI.TestCases.TC002_CreateUser_Test"/>
  <testcase name="validateResponseBody" time="0.020" classname="com.PetStoreAPI.TestCases.TC002_CreateUser_Test"/>
</testsuite> <!-- com.PetStoreAPI.TestCases.TC002_CreateUser_Test -->
