<?xml version="1.0" encoding="UTF-8"?>
<!-- Generated by org.testng.reporters.JUnitReportReporter -->
<testsuite skipped="0" hostname="Sahils-MacBook.local" name="PetStoreAPI_TestCases.TC002_CreateUser_Test" tests="2" failures="0" timestamp="2020-03-22T14:46:46 COT" time="9.945" errors="0">
  <testcase name="CreateUser" time="8.822" classname="PetStoreAPI_TestCases.TC002_CreateUser_Test"/>
  <testcase name="CreateUser" time="1.123" classname="PetStoreAPI_TestCases.TC002_CreateUser_Test"/>
</testsuite> <!-- PetStoreAPI_TestCases.TC002_CreateUser_Test -->
