<?xml version="1.0" encoding="UTF-8"?>
<!-- Generated by org.testng.reporters.JUnitReportReporter -->
<testsuite skipped="0" hostname="Sahils-MacBook.local" name="com.PetStoreAPI.TestCases.TC001_loginAPI_Test" tests="1" failures="0" timestamp="2020-03-22T22:22:06 COT" time="0.008" errors="0">
  <testcase name="validateLogin_code" time="0.008" classname="com.PetStoreAPI.TestCases.TC001_loginAPI_Test"/>
</testsuite> <!-- com.PetStoreAPI.TestCases.TC001_loginAPI_Test -->
