<?xml version="1.0" encoding="UTF-8"?>
<!-- Generated by org.testng.reporters.JUnitReportReporter -->
<testsuite skipped="0" hostname="Sahils-MacBook.local" name="com.PetStoreAPI.TestCases.TC001_CreateUser_Test" tests="3" failures="0" timestamp="2020-03-23T15:40:28 COT" time="0.007" errors="0">
  <testcase name="validateCreateUser_time" time="0.002" classname="com.PetStoreAPI.TestCases.TC001_CreateUser_Test"/>
  <testcase name="validateCreateUser_ResponseBody" time="0.003" classname="com.PetStoreAPI.TestCases.TC001_CreateUser_Test"/>
  <testcase name="validateCreateUser_ResponseCode" time="0.002" classname="com.PetStoreAPI.TestCases.TC001_CreateUser_Test"/>
</testsuite> <!-- com.PetStoreAPI.TestCases.TC001_CreateUser_Test -->
