<?xml version="1.0" encoding="UTF-8"?>
<!-- Generated by org.testng.reporters.JUnitReportReporter -->
<testsuite skipped="0" hostname="Sahils-MacBook.local" name="com.PetStoreAPI.TestCases.TC006_LogoutUser_Test" tests="3" failures="0" timestamp="2020-03-23T15:12:17 COT" time="0.022" errors="0">
  <testcase name="validateLogout_ResponseBody" time="0.019" classname="com.PetStoreAPI.TestCases.TC006_LogoutUser_Test"/>
  <testcase name="validateLogout_code" time="0.002" classname="com.PetStoreAPI.TestCases.TC006_LogoutUser_Test"/>
  <testcase name="validateLogout_time" time="0.001" classname="com.PetStoreAPI.TestCases.TC006_LogoutUser_Test"/>
</testsuite> <!-- com.PetStoreAPI.TestCases.TC006_LogoutUser_Test -->
